<?xml version="1.0" encoding="UTF-8"?>
<!-- Generated by org.testng.reporters.JUnitReportReporter -->
<testsuite skipped="0" hostname="admin-PC" name="gitTest.SampleTest" tests="1" failures="0" timestamp="21 Nov 2017 04:37:06 GMT" time="29.484" errors="0">
  <testcase name="loginTest" time="29.484" classname="gitTest.SampleTest"/>
</testsuite> <!-- gitTest.SampleTest -->
