<?xml version="1.0" encoding="UTF-8"?>
<!-- Generated by org.testng.reporters.JUnitReportReporter -->
<testsuite hostname="admin-PC" name="gitTest.SampleTest" tests="1" failures="0" timestamp="21 Nov 2017 04:42:28 GMT" time="24.119" errors="0">
  <testcase name="loginTest" time="24.119" classname="gitTest.SampleTest"/>
</testsuite> <!-- gitTest.SampleTest -->
